Watching for file changes with StatReloader
Watching for file changes with StatReloader
[25/Oct/2025 20:13:05] "GET /login/ HTTP/1.1" 200 3074
[25/Oct/2025 20:13:10] "GET /login/ HTTP/1.1" 200 3074
[25/Oct/2025 20:13:15] "GET /signup/ HTTP/1.1" 200 1674
[25/Oct/2025 20:13:41] "POST /signup/ HTTP/1.1" 302 0
[25/Oct/2025 20:13:41] "GET /login/ HTTP/1.1" 200 3074
[25/Oct/2025 20:13:46] "POST /login/ HTTP/1.1" 302 0
[25/Oct/2025 20:13:46] "GET /dashbord/ HTTP/1.1" 200 7613
[25/Oct/2025 20:13:47] "GET /static/images/user.png HTTP/1.1" 404 1804
[25/Oct/2025 20:14:16] "GET /materials/ HTTP/1.1" 200 5163
[25/Oct/2025 20:14:16] "GET /static/images/user.png HTTP/1.1" 404 1804
[25/Oct/2025 20:14:22] "GET /students/ HTTP/1.1" 200 7985
[25/Oct/2025 20:14:22] "GET /static/images/user.png HTTP/1.1" 404 1804
[25/Oct/2025 20:14:57] "GET /sections/ HTTP/1.1" 200 5150
[25/Oct/2025 20:14:57] "GET /static/images/user.png HTTP/1.1" 404 1804
[25/Oct/2025 20:14:58] "GET /students/ HTTP/1.1" 200 7985
[25/Oct/2025 20:14:58] "GET /static/images/user.png HTTP/1.1" 404 1804
[25/Oct/2025 20:15:39] "GET /students/ HTTP/1.1" 200 7985
[25/Oct/2025 20:15:39] "GET /static/images/user.png HTTP/1.1" 404 1804
[25/Oct/2025 20:15:40] "GET /sections/ HTTP/1.1" 200 5150
[25/Oct/2025 20:15:40] "GET /static/images/user.png HTTP/1.1" 404 1804
[25/Oct/2025 20:15:41] "GET /students/ HTTP/1.1" 200 7985
[25/Oct/2025 20:15:41] "GET /static/images/user.png HTTP/1.1" 404 1804
[25/Oct/2025 20:15:50] "GET /materials/ HTTP/1.1" 200 5163
[25/Oct/2025 20:15:50] "GET /static/images/user.png HTTP/1.1" 404 1804
[25/Oct/2025 20:15:51] "GET /students/ HTTP/1.1" 200 7985
[25/Oct/2025 20:15:51] "GET /static/images/user.png HTTP/1.1" 404 1804
[26/Oct/2025 09:47:25] "GET /login/ HTTP/1.1" 200 3074
[26/Oct/2025 09:47:25] "GET /static/images/logoMisurataUni.png HTTP/1.1" 304 0
[26/Oct/2025 09:47:26] "GET /login/ HTTP/1.1" 200 3074
[26/Oct/2025 09:54:57] "GET /login/ HTTP/1.1" 200 3074
[26/Oct/2025 09:55:04] "GET / HTTP/1.1" 302 0
[26/Oct/2025 09:55:04] "GET /dashbord/ HTTP/1.1" 200 7613
[26/Oct/2025 09:55:04] "GET /static/images/user.png HTTP/1.1" 404 1804
[26/Oct/2025 09:55:12] "GET /materials/ HTTP/1.1" 200 5163
[26/Oct/2025 09:55:12] "GET /static/images/user.png HTTP/1.1" 404 1804
[26/Oct/2025 09:55:14] "GET /students/ HTTP/1.1" 200 7985
[26/Oct/2025 09:55:14] "GET /static/images/user.png HTTP/1.1" 404 1804
[26/Oct/2025 09:55:15] "GET /sections/ HTTP/1.1" 200 5150
[26/Oct/2025 09:55:15] "GET /static/images/user.png HTTP/1.1" 404 1804
[26/Oct/2025 09:55:15] "GET /students/ HTTP/1.1" 200 7985
[26/Oct/2025 09:55:15] "GET /static/images/user.png HTTP/1.1" 404 1804
