Performing system checks...

System check identified no issues (0 silenced).
October 26, 2025 - 10:29:29
Django version 4.2.25, using settings 'course_registration.settings'
Starting development server at http://127.0.0.1:8000/
Quit the server with CONTROL-C.

Performing system checks...

System check identified no issues (0 silenced).
October 26, 2025 - 18:50:01
Django version 4.2.25, using settings 'course_registration.settings'
Starting development server at http://127.0.0.1:8000/
Quit the server with CONTROL-C.

Performing system checks...

System check identified no issues (0 silenced).
October 26, 2025 - 18:50:04
Django version 4.2.25, using settings 'course_registration.settings'
Starting development server at http://127.0.0.1:8000/
Quit the server with CONTROL-C.

Performing system checks...

System check identified no issues (0 silenced).
October 26, 2025 - 18:55:49
Django version 4.2.25, using settings 'course_registration.settings'
Starting development server at http://127.0.0.1:8000/
Quit the server with CONTROL-C.

Performing system checks...

System check identified no issues (0 silenced).
October 26, 2025 - 18:56:06
Django version 4.2.25, using settings 'course_registration.settings'
Starting development server at http://127.0.0.1:8000/
Quit the server with CONTROL-C.

Performing system checks...

System check identified no issues (0 silenced).

You have 1 unapplied migration(s). Your project may not work properly until you apply the migrations for app(s): courses.
Run 'python manage.py migrate' to apply them.
October 26, 2025 - 18:56:40
Django version 4.2.25, using settings 'course_registration.settings'
Starting development server at http://127.0.0.1:8000/
Quit the server with CONTROL-C.

Performing system checks...

System check identified no issues (0 silenced).

You have 1 unapplied migration(s). Your project may not work properly until you apply the migrations for app(s): courses.
Run 'python manage.py migrate' to apply them.
October 26, 2025 - 18:56:48
Django version 4.2.25, using settings 'course_registration.settings'
Starting development server at http://127.0.0.1:8000/
Quit the server with CONTROL-C.

Performing system checks...

System check identified no issues (0 silenced).

You have 1 unapplied migration(s). Your project may not work properly until you apply the migrations for app(s): courses.
Run 'python manage.py migrate' to apply them.
October 26, 2025 - 19:03:07
Django version 4.2.25, using settings 'course_registration.settings'
Starting development server at http://127.0.0.1:8000/
Quit the server with CONTROL-C.

Performing system checks...

Performing system checks...

Performing system checks...

Performing system checks...

Performing system checks...

Performing system checks...

Performing system checks...

Performing system checks...

Performing system checks...

Performing system checks...

Performing system checks...

System check identified no issues (0 silenced).

You have 1 unapplied migration(s). Your project may not work properly until you apply the migrations for app(s): courses.
Run 'python manage.py migrate' to apply them.
October 26, 2025 - 19:10:22
Django version 4.2.25, using settings 'course_registration.settings'
Starting development server at http://127.0.0.1:8000/
Quit the server with CONTROL-C.

Performing system checks...

System check identified no issues (0 silenced).

You have 1 unapplied migration(s). Your project may not work properly until you apply the migrations for app(s): courses.
Run 'python manage.py migrate' to apply them.
October 26, 2025 - 19:10:38
Django version 4.2.25, using settings 'course_registration.settings'
Starting development server at http://127.0.0.1:8000/
Quit the server with CONTROL-C.

Performing system checks...

Performing system checks...

System check identified no issues (0 silenced).

You have 1 unapplied migration(s). Your project may not work properly until you apply the migrations for app(s): courses.
Run 'python manage.py migrate' to apply them.
October 26, 2025 - 19:11:11
Django version 4.2.25, using settings 'course_registration.settings'
Starting development server at http://127.0.0.1:8000/
Quit the server with CONTROL-C.

Performing system checks...

Performing system checks...

System check identified no issues (0 silenced).

You have 1 unapplied migration(s). Your project may not work properly until you apply the migrations for app(s): courses.
Run 'python manage.py migrate' to apply them.
October 26, 2025 - 19:12:16
Django version 4.2.25, using settings 'course_registration.settings'
Starting development server at http://127.0.0.1:8000/
Quit the server with CONTROL-C.

Performing system checks...

System check identified no issues (0 silenced).

You have 1 unapplied migration(s). Your project may not work properly until you apply the migrations for app(s): courses.
Run 'python manage.py migrate' to apply them.
October 26, 2025 - 19:12:44
Django version 4.2.25, using settings 'course_registration.settings'
Starting development server at http://127.0.0.1:8000/
Quit the server with CONTROL-C.

Performing system checks...

Performing system checks...

System check identified no issues (0 silenced).

You have 1 unapplied migration(s). Your project may not work properly until you apply the migrations for app(s): courses.
Run 'python manage.py migrate' to apply them.
October 26, 2025 - 19:12:54
Django version 4.2.25, using settings 'course_registration.settings'
Starting development server at http://127.0.0.1:8000/
Quit the server with CONTROL-C.

Performing system checks...

System check identified no issues (0 silenced).

You have 1 unapplied migration(s). Your project may not work properly until you apply the migrations for app(s): courses.
Run 'python manage.py migrate' to apply them.
October 26, 2025 - 19:12:58
Django version 4.2.25, using settings 'course_registration.settings'
Starting development server at http://127.0.0.1:8000/
Quit the server with CONTROL-C.

Performing system checks...

System check identified no issues (0 silenced).

You have 1 unapplied migration(s). Your project may not work properly until you apply the migrations for app(s): courses.
Run 'python manage.py migrate' to apply them.
October 26, 2025 - 19:14:02
Django version 4.2.25, using settings 'course_registration.settings'
Starting development server at http://127.0.0.1:8000/
Quit the server with CONTROL-C.

Performing system checks...

System check identified no issues (0 silenced).

You have 1 unapplied migration(s). Your project may not work properly until you apply the migrations for app(s): courses.
Run 'python manage.py migrate' to apply them.
October 26, 2025 - 19:18:24
Django version 4.2.25, using settings 'course_registration.settings'
Starting development server at http://127.0.0.1:8000/
Quit the server with CONTROL-C.

Performing system checks...

System check identified no issues (0 silenced).

You have 1 unapplied migration(s). Your project may not work properly until you apply the migrations for app(s): courses.
Run 'python manage.py migrate' to apply them.
October 26, 2025 - 19:26:44
Django version 4.2.25, using settings 'course_registration.settings'
Starting development server at http://127.0.0.1:8000/
Quit the server with CONTROL-C.

Performing system checks...

System check identified no issues (0 silenced).

You have 1 unapplied migration(s). Your project may not work properly until you apply the migrations for app(s): courses.
Run 'python manage.py migrate' to apply them.
October 26, 2025 - 19:27:42
Django version 4.2.25, using settings 'course_registration.settings'
Starting development server at http://127.0.0.1:8000/
Quit the server with CONTROL-C.

Performing system checks...

System check identified no issues (0 silenced).
October 26, 2025 - 19:31:57
Django version 4.2.25, using settings 'course_registration.settings'
Starting development server at http://127.0.0.1:8000/
Quit the server with CONTROL-C.

Performing system checks...

System check identified no issues (0 silenced).
October 26, 2025 - 19:31:58
Django version 4.2.25, using settings 'course_registration.settings'
Starting development server at http://127.0.0.1:8000/
Quit the server with CONTROL-C.

Performing system checks...

System check identified no issues (0 silenced).
October 26, 2025 - 19:32:01
Django version 4.2.25, using settings 'course_registration.settings'
Starting development server at http://127.0.0.1:8000/
Quit the server with CONTROL-C.

Performing system checks...

System check identified no issues (0 silenced).
October 26, 2025 - 19:32:08
Django version 4.2.25, using settings 'course_registration.settings'
Starting development server at http://127.0.0.1:8000/
Quit the server with CONTROL-C.

Performing system checks...

System check identified no issues (0 silenced).
October 26, 2025 - 19:33:16
Django version 4.2.25, using settings 'course_registration.settings'
Starting development server at http://127.0.0.1:8000/
Quit the server with CONTROL-C.

Performing system checks...

System check identified no issues (0 silenced).

You have 1 unapplied migration(s). Your project may not work properly until you apply the migrations for app(s): courses.
Run 'python manage.py migrate' to apply them.
October 26, 2025 - 19:36:56
Django version 4.2.25, using settings 'course_registration.settings'
Starting development server at http://127.0.0.1:8000/
Quit the server with CONTROL-C.

Performing system checks...

Performing system checks...

Performing system checks...

Performing system checks...

System check identified no issues (0 silenced).

You have 1 unapplied migration(s). Your project may not work properly until you apply the migrations for app(s): courses.
Run 'python manage.py migrate' to apply them.
October 26, 2025 - 19:38:07
Django version 4.2.25, using settings 'course_registration.settings'
Starting development server at http://127.0.0.1:8000/
Quit the server with CONTROL-C.

Performing system checks...

System check identified no issues (0 silenced).
October 26, 2025 - 19:44:20
Django version 4.2.25, using settings 'course_registration.settings'
Starting development server at http://127.0.0.1:8000/
Quit the server with CONTROL-C.

Performing system checks...

System check identified no issues (0 silenced).
October 27, 2025 - 13:12:57
Django version 4.2.25, using settings 'course_registration.settings'
Starting development server at http://127.0.0.1:8000/
Quit the server with CONTROL-C.

Performing system checks...

System check identified no issues (0 silenced).
October 27, 2025 - 13:13:01
Django version 4.2.25, using settings 'course_registration.settings'
Starting development server at http://127.0.0.1:8000/
Quit the server with CONTROL-C.

Performing system checks...

System check identified no issues (0 silenced).
October 27, 2025 - 13:15:33
Django version 4.2.25, using settings 'course_registration.settings'
Starting development server at http://127.0.0.1:8000/
Quit the server with CONTROL-C.

Performing system checks...

System check identified no issues (0 silenced).
October 27, 2025 - 13:15:37
Django version 4.2.25, using settings 'course_registration.settings'
Starting development server at http://127.0.0.1:8000/
Quit the server with CONTROL-C.

Performing system checks...

System check identified no issues (0 silenced).

You have 1 unapplied migration(s). Your project may not work properly until you apply the migrations for app(s): courses.
Run 'python manage.py migrate' to apply them.
October 27, 2025 - 13:25:32
Django version 4.2.25, using settings 'course_registration.settings'
Starting development server at http://127.0.0.1:8000/
Quit the server with CONTROL-C.

Performing system checks...

System check identified no issues (0 silenced).

You have 1 unapplied migration(s). Your project may not work properly until you apply the migrations for app(s): courses.
Run 'python manage.py migrate' to apply them.
October 27, 2025 - 13:26:01
Django version 4.2.25, using settings 'course_registration.settings'
Starting development server at http://127.0.0.1:8000/
Quit the server with CONTROL-C.

Performing system checks...

System check identified no issues (0 silenced).

You have 21 unapplied migration(s). Your project may not work properly until you apply the migrations for app(s): admin, auth, contenttypes, courses, sessions.
Run 'python manage.py migrate' to apply them.
October 27, 2025 - 14:45:46
Django version 4.2.25, using settings 'course_registration.settings'
Starting development server at http://127.0.0.1:8000/
Quit the server with CONTROL-C.

Performing system checks...

Performing system checks...

System check identified no issues (0 silenced).

You have 21 unapplied migration(s). Your project may not work properly until you apply the migrations for app(s): admin, auth, contenttypes, courses, sessions.
Run 'python manage.py migrate' to apply them.
October 27, 2025 - 14:48:40
Django version 4.2.25, using settings 'course_registration.settings'
Starting development server at http://127.0.0.1:8000/
Quit the server with CONTROL-C.

Performing system checks...

System check identified no issues (0 silenced).

You have 19 unapplied migration(s). Your project may not work properly until you apply the migrations for app(s): admin, auth, contenttypes, courses, sessions.
Run 'python manage.py migrate' to apply them.
October 27, 2025 - 14:50:33
Django version 4.2.25, using settings 'course_registration.settings'
Starting development server at http://127.0.0.1:8000/
Quit the server with CONTROL-C.

Performing system checks...

System check identified no issues (0 silenced).
October 27, 2025 - 15:01:41
Django version 4.2.25, using settings 'course_registration.settings'
Starting development server at http://127.0.0.1:8000/
Quit the server with CONTROL-C.

Performing system checks...

System check identified no issues (0 silenced).
October 27, 2025 - 15:02:24
Django version 4.2.25, using settings 'course_registration.settings'
Starting development server at http://127.0.0.1:8000/
Quit the server with CONTROL-C.

Performing system checks...

Performing system checks...

System check identified no issues (0 silenced).
October 27, 2025 - 15:04:59
Django version 4.2.25, using settings 'course_registration.settings'
Starting development server at http://127.0.0.1:8000/
Quit the server with CONTROL-C.

Performing system checks...

System check identified no issues (0 silenced).
October 27, 2025 - 15:05:01
Django version 4.2.25, using settings 'course_registration.settings'
Starting development server at http://127.0.0.1:8000/
Quit the server with CONTROL-C.

Performing system checks...

System check identified no issues (0 silenced).
October 27, 2025 - 15:05:03
Django version 4.2.25, using settings 'course_registration.settings'
Starting development server at http://127.0.0.1:8000/
Quit the server with CONTROL-C.

Performing system checks...

System check identified no issues (0 silenced).
October 27, 2025 - 15:06:28
Django version 4.2.25, using settings 'course_registration.settings'
Starting development server at http://127.0.0.1:8000/
Quit the server with CONTROL-C.

Performing system checks...

System check identified no issues (0 silenced).
October 27, 2025 - 15:06:46
Django version 4.2.25, using settings 'course_registration.settings'
Starting development server at http://127.0.0.1:8000/
Quit the server with CONTROL-C.

Performing system checks...

System check identified no issues (0 silenced).
October 27, 2025 - 15:06:48
Django version 4.2.25, using settings 'course_registration.settings'
Starting development server at http://127.0.0.1:8000/
Quit the server with CONTROL-C.

Performing system checks...

System check identified no issues (0 silenced).
October 27, 2025 - 15:06:50
Django version 4.2.25, using settings 'course_registration.settings'
Starting development server at http://127.0.0.1:8000/
Quit the server with CONTROL-C.

Performing system checks...

System check identified no issues (0 silenced).
October 27, 2025 - 15:08:16
Django version 4.2.25, using settings 'course_registration.settings'
Starting development server at http://127.0.0.1:8000/
Quit the server with CONTROL-C.

Performing system checks...

System check identified no issues (0 silenced).
October 27, 2025 - 15:08:27
Django version 4.2.25, using settings 'course_registration.settings'
Starting development server at http://127.0.0.1:8000/
Quit the server with CONTROL-C.

Performing system checks...

System check identified no issues (0 silenced).
October 27, 2025 - 15:10:08
Django version 4.2.25, using settings 'course_registration.settings'
Starting development server at http://127.0.0.1:8000/
Quit the server with CONTROL-C.

Performing system checks...

System check identified no issues (0 silenced).
October 27, 2025 - 15:10:12
Django version 4.2.25, using settings 'course_registration.settings'
Starting development server at http://127.0.0.1:8000/
Quit the server with CONTROL-C.

Performing system checks...

Performing system checks...

Performing system checks...

Performing system checks...

System check identified no issues (0 silenced).
October 28, 2025 - 14:38:18
Django version 4.2.25, using settings 'course_registration.settings'
Starting development server at http://127.0.0.1:8000/
Quit the server with CONTROL-C.

Performing system checks...

System check identified no issues (0 silenced).
October 28, 2025 - 14:38:19
Django version 4.2.25, using settings 'course_registration.settings'
Starting development server at http://127.0.0.1:8000/
Quit the server with CONTROL-C.

Performing system checks...

System check identified no issues (0 silenced).
October 28, 2025 - 14:38:24
Django version 4.2.25, using settings 'course_registration.settings'
Starting development server at http://127.0.0.1:8000/
Quit the server with CONTROL-C.

Performing system checks...

System check identified no issues (0 silenced).
October 28, 2025 - 14:38:29
Django version 4.2.25, using settings 'course_registration.settings'
Starting development server at http://127.0.0.1:8000/
Quit the server with CONTROL-C.

Performing system checks...

System check identified no issues (0 silenced).
October 28, 2025 - 14:38:31
Django version 4.2.25, using settings 'course_registration.settings'
Starting development server at http://127.0.0.1:8000/
Quit the server with CONTROL-C.

Performing system checks...

System check identified no issues (0 silenced).
October 28, 2025 - 14:38:35
Django version 4.2.25, using settings 'course_registration.settings'
Starting development server at http://127.0.0.1:8000/
Quit the server with CONTROL-C.

Performing system checks...

System check identified no issues (0 silenced).
October 28, 2025 - 14:38:38
Django version 4.2.25, using settings 'course_registration.settings'
Starting development server at http://127.0.0.1:8000/
Quit the server with CONTROL-C.

Performing system checks...

System check identified no issues (0 silenced).
October 28, 2025 - 14:51:18
Django version 4.2.25, using settings 'course_registration.settings'
Starting development server at http://127.0.0.1:8000/
Quit the server with CONTROL-C.

Performing system checks...

Performing system checks...

System check identified no issues (0 silenced).
October 28, 2025 - 14:51:23
Django version 4.2.25, using settings 'course_registration.settings'
Starting development server at http://127.0.0.1:8000/
Quit the server with CONTROL-C.

Performing system checks...

Performing system checks...

System check identified no issues (0 silenced).
October 28, 2025 - 14:51:28
Django version 4.2.25, using settings 'course_registration.settings'
Starting development server at http://127.0.0.1:8000/
Quit the server with CONTROL-C.

Performing system checks...

System check identified no issues (0 silenced).
October 28, 2025 - 14:51:45
Django version 4.2.25, using settings 'course_registration.settings'
Starting development server at http://127.0.0.1:8000/
Quit the server with CONTROL-C.

Performing system checks...

System check identified no issues (0 silenced).
October 28, 2025 - 14:53:39
Django version 4.2.25, using settings 'course_registration.settings'
Starting development server at http://127.0.0.1:8000/
Quit the server with CONTROL-C.

Performing system checks...

System check identified no issues (0 silenced).
October 28, 2025 - 14:54:13
Django version 4.2.25, using settings 'course_registration.settings'
Starting development server at http://127.0.0.1:8000/
Quit the server with CONTROL-C.

Performing system checks...

System check identified no issues (0 silenced).
October 28, 2025 - 14:54:24
Django version 4.2.25, using settings 'course_registration.settings'
Starting development server at http://127.0.0.1:8000/
Quit the server with CONTROL-C.

Performing system checks...

System check identified no issues (0 silenced).
October 28, 2025 - 14:55:24
Django version 4.2.25, using settings 'course_registration.settings'
Starting development server at http://127.0.0.1:8000/
Quit the server with CONTROL-C.

Performing system checks...

System check identified no issues (0 silenced).
October 28, 2025 - 14:55:27
Django version 4.2.25, using settings 'course_registration.settings'
Starting development server at http://127.0.0.1:8000/
Quit the server with CONTROL-C.

Performing system checks...

System check identified no issues (0 silenced).
October 28, 2025 - 14:55:28
Django version 4.2.25, using settings 'course_registration.settings'
Starting development server at http://127.0.0.1:8000/
Quit the server with CONTROL-C.

Performing system checks...

System check identified no issues (0 silenced).
October 28, 2025 - 14:55:30
Django version 4.2.25, using settings 'course_registration.settings'
Starting development server at http://127.0.0.1:8000/
Quit the server with CONTROL-C.

Performing system checks...

System check identified no issues (0 silenced).
October 28, 2025 - 14:55:34
Django version 4.2.25, using settings 'course_registration.settings'
Starting development server at http://127.0.0.1:8000/
Quit the server with CONTROL-C.

Performing system checks...

System check identified no issues (0 silenced).
October 28, 2025 - 14:55:37
Django version 4.2.25, using settings 'course_registration.settings'
Starting development server at http://127.0.0.1:8000/
Quit the server with CONTROL-C.

Performing system checks...

System check identified no issues (0 silenced).
October 28, 2025 - 14:55:41
Django version 4.2.25, using settings 'course_registration.settings'
Starting development server at http://127.0.0.1:8000/
Quit the server with CONTROL-C.

Performing system checks...

System check identified no issues (0 silenced).
October 28, 2025 - 14:55:48
Django version 4.2.25, using settings 'course_registration.settings'
Starting development server at http://127.0.0.1:8000/
Quit the server with CONTROL-C.

Performing system checks...

System check identified no issues (0 silenced).
October 28, 2025 - 14:55:52
Django version 4.2.25, using settings 'course_registration.settings'
Starting development server at http://127.0.0.1:8000/
Quit the server with CONTROL-C.

Performing system checks...

Performing system checks...

Performing system checks...

System check identified no issues (0 silenced).
October 28, 2025 - 14:56:01
Django version 4.2.25, using settings 'course_registration.settings'
Starting development server at http://127.0.0.1:8000/
Quit the server with CONTROL-C.

Performing system checks...

Performing system checks...

System check identified no issues (0 silenced).
October 28, 2025 - 14:56:04
Django version 4.2.25, using settings 'course_registration.settings'
Starting development server at http://127.0.0.1:8000/
Quit the server with CONTROL-C.

Performing system checks...

System check identified no issues (0 silenced).
October 28, 2025 - 14:56:08
Django version 4.2.25, using settings 'course_registration.settings'
Starting development server at http://127.0.0.1:8000/
Quit the server with CONTROL-C.

Performing system checks...

Performing system checks...

Performing system checks...

Performing system checks...

Performing system checks...

Performing system checks...

System check identified no issues (0 silenced).
Performing system checks...

System check identified no issues (0 silenced).
Performing system checks...

System check identified no issues (0 silenced).
Performing system checks...

System check identified no issues (0 silenced).
Performing system checks...

System check identified no issues (0 silenced).
Performing system checks...

System check identified no issues (0 silenced).
Performing system checks...

System check identified no issues (0 silenced).
October 28, 2025 - 15:42:56
Django version 4.2.25, using settings 'course_registration.settings'
Starting development server at http://127.0.0.1:8000/
Quit the server with CONTROL-C.

Performing system checks...

System check identified no issues (0 silenced).
October 28, 2025 - 15:50:38
Django version 4.2.25, using settings 'course_registration.settings'
Starting development server at http://127.0.0.1:8000/
Quit the server with CONTROL-C.

Performing system checks...

System check identified no issues (0 silenced).
October 28, 2025 - 15:52:52
Django version 4.2.25, using settings 'course_registration.settings'
Starting development server at http://127.0.0.1:8000/
Quit the server with CONTROL-C.

Performing system checks...

System check identified no issues (0 silenced).
October 28, 2025 - 15:56:21
Django version 4.2.25, using settings 'course_registration.settings'
Starting development server at http://127.0.0.1:8000/
Quit the server with CONTROL-C.

Performing system checks...

System check identified no issues (0 silenced).
Performing system checks...

System check identified no issues (0 silenced).
October 28, 2025 - 15:56:39
Django version 4.2.25, using settings 'course_registration.settings'
Starting development server at http://127.0.0.1:8000/
Quit the server with CONTROL-C.

Performing system checks...

System check identified no issues (0 silenced).
Performing system checks...

System check identified no issues (0 silenced).
October 28, 2025 - 15:56:44
Django version 4.2.25, using settings 'course_registration.settings'
Starting development server at http://127.0.0.1:8000/
Quit the server with CONTROL-C.

Performing system checks...

System check identified no issues (0 silenced).
Performing system checks...

System check identified no issues (0 silenced).
Performing system checks...

System check identified no issues (0 silenced).
Performing system checks...

System check identified no issues (0 silenced).
Performing system checks...

System check identified no issues (0 silenced).

You have 1 unapplied migration(s). Your project may not work properly until you apply the migrations for app(s): courses.
Run 'python manage.py migrate' to apply them.
October 28, 2025 - 16:11:04
Django version 4.2.25, using settings 'course_registration.settings'
Starting development server at http://127.0.0.1:8000/
Quit the server with CONTROL-C.

Performing system checks...

System check identified no issues (0 silenced).
October 28, 2025 - 22:08:15
Django version 4.2.25, using settings 'course_registration.settings'
Starting development server at http://127.0.0.1:8000/
Quit the server with CONTROL-C.

Performing system checks...

System check identified no issues (0 silenced).
October 28, 2025 - 22:08:27
Django version 4.2.25, using settings 'course_registration.settings'
Starting development server at http://127.0.0.1:8000/
Quit the server with CONTROL-C.

Performing system checks...

System check identified no issues (0 silenced).
October 28, 2025 - 22:08:46
Django version 4.2.25, using settings 'course_registration.settings'
Starting development server at http://127.0.0.1:8000/
Quit the server with CONTROL-C.

Performing system checks...

System check identified no issues (0 silenced).
October 29, 2025 - 14:26:21
Django version 4.2.25, using settings 'course_registration.settings'
Starting development server at http://127.0.0.1:8000/
Quit the server with CONTROL-C.

Performing system checks...

System check identified no issues (0 silenced).
October 29, 2025 - 14:26:30
Django version 4.2.25, using settings 'course_registration.settings'
Starting development server at http://127.0.0.1:8000/
Quit the server with CONTROL-C.

Performing system checks...

System check identified no issues (0 silenced).
October 29, 2025 - 14:26:55
Django version 4.2.25, using settings 'course_registration.settings'
Starting development server at http://127.0.0.1:8000/
Quit the server with CONTROL-C.

Performing system checks...

System check identified no issues (0 silenced).
October 29, 2025 - 14:33:06
Django version 4.2.25, using settings 'course_registration.settings'
Starting development server at http://127.0.0.1:8000/
Quit the server with CONTROL-C.

Performing system checks...

System check identified no issues (0 silenced).
October 29, 2025 - 14:33:10
Django version 4.2.25, using settings 'course_registration.settings'
Starting development server at http://127.0.0.1:8000/
Quit the server with CONTROL-C.

Performing system checks...

System check identified no issues (0 silenced).
October 29, 2025 - 14:36:16
Django version 4.2.25, using settings 'course_registration.settings'
Starting development server at http://127.0.0.1:8000/
Quit the server with CONTROL-C.

Performing system checks...

System check identified no issues (0 silenced).
October 29, 2025 - 15:27:48
Django version 4.2.25, using settings 'course_registration.settings'
Starting development server at http://127.0.0.1:8000/
Quit the server with CONTROL-C.

Performing system checks...

System check identified no issues (0 silenced).
October 29, 2025 - 15:27:52
Django version 4.2.25, using settings 'course_registration.settings'
Starting development server at http://127.0.0.1:8000/
Quit the server with CONTROL-C.

Performing system checks...

System check identified no issues (0 silenced).
October 29, 2025 - 15:28:00
Django version 4.2.25, using settings 'course_registration.settings'
Starting development server at http://127.0.0.1:8000/
Quit the server with CONTROL-C.

Performing system checks...

System check identified no issues (0 silenced).
October 29, 2025 - 15:28:05
Django version 4.2.25, using settings 'course_registration.settings'
Starting development server at http://127.0.0.1:8000/
Quit the server with CONTROL-C.

Performing system checks...

Performing system checks...

System check identified no issues (0 silenced).
October 29, 2025 - 16:46:58
Django version 4.2.25, using settings 'course_registration.settings'
Starting development server at http://127.0.0.1:8000/
Quit the server with CONTROL-C.

Performing system checks...

System check identified no issues (0 silenced).
October 29, 2025 - 16:47:09
Django version 4.2.25, using settings 'course_registration.settings'
Starting development server at http://127.0.0.1:8000/
Quit the server with CONTROL-C.

Performing system checks...

System check identified no issues (0 silenced).
October 29, 2025 - 16:49:43
Django version 4.2.25, using settings 'course_registration.settings'
Starting development server at http://127.0.0.1:8000/
Quit the server with CONTROL-C.

Performing system checks...

System check identified no issues (0 silenced).
October 29, 2025 - 16:52:25
Django version 4.2.25, using settings 'course_registration.settings'
Starting development server at http://127.0.0.1:8000/
Quit the server with CONTROL-C.

Performing system checks...

System check identified no issues (0 silenced).
October 29, 2025 - 16:54:28
Django version 4.2.25, using settings 'course_registration.settings'
Starting development server at http://127.0.0.1:8000/
Quit the server with CONTROL-C.

Performing system checks...

System check identified no issues (0 silenced).
October 29, 2025 - 17:05:30
Django version 4.2.25, using settings 'course_registration.settings'
Starting development server at http://127.0.0.1:8000/
Quit the server with CONTROL-C.

Performing system checks...

System check identified no issues (0 silenced).
October 30, 2025 - 10:50:21
Django version 4.2.25, using settings 'course_registration.settings'
Starting development server at http://127.0.0.1:8000/
Quit the server with CONTROL-C.

Performing system checks...

System check identified no issues (0 silenced).
October 30, 2025 - 10:53:52
Django version 4.2.25, using settings 'course_registration.settings'
Starting development server at http://127.0.0.1:8000/
Quit the server with CONTROL-C.

Performing system checks...

System check identified no issues (0 silenced).
October 30, 2025 - 10:59:43
Django version 4.2.25, using settings 'course_registration.settings'
Starting development server at http://127.0.0.1:8000/
Quit the server with CONTROL-C.

Performing system checks...

System check identified no issues (0 silenced).
October 30, 2025 - 11:00:21
Django version 4.2.25, using settings 'course_registration.settings'
Starting development server at http://127.0.0.1:8000/
Quit the server with CONTROL-C.

Performing system checks...

System check identified no issues (0 silenced).
October 30, 2025 - 11:03:33
Django version 4.2.25, using settings 'course_registration.settings'
Starting development server at http://127.0.0.1:8000/
Quit the server with CONTROL-C.

Performing system checks...

System check identified no issues (0 silenced).
October 30, 2025 - 11:03:35
Django version 4.2.25, using settings 'course_registration.settings'
Starting development server at http://127.0.0.1:8000/
Quit the server with CONTROL-C.

Performing system checks...

System check identified no issues (0 silenced).
October 30, 2025 - 11:06:41
Django version 4.2.25, using settings 'course_registration.settings'
Starting development server at http://127.0.0.1:8000/
Quit the server with CONTROL-C.

Performing system checks...

System check identified no issues (0 silenced).
October 30, 2025 - 11:06:42
Django version 4.2.25, using settings 'course_registration.settings'
Starting development server at http://127.0.0.1:8000/
Quit the server with CONTROL-C.

Performing system checks...

System check identified no issues (0 silenced).
October 30, 2025 - 11:08:34
Django version 4.2.25, using settings 'course_registration.settings'
Starting development server at http://127.0.0.1:8000/
Quit the server with CONTROL-C.

Performing system checks...

System check identified no issues (0 silenced).
October 30, 2025 - 11:08:48
Django version 4.2.25, using settings 'course_registration.settings'
Starting development server at http://127.0.0.1:8000/
Quit the server with CONTROL-C.

Performing system checks...

System check identified no issues (0 silenced).
October 30, 2025 - 14:11:37
Django version 4.2.25, using settings 'course_registration.settings'
Starting development server at http://127.0.0.1:8000/
Quit the server with CONTROL-C.

Performing system checks...

System check identified no issues (0 silenced).
October 30, 2025 - 14:20:01
Django version 4.2.25, using settings 'course_registration.settings'
Starting development server at http://127.0.0.1:8000/
Quit the server with CONTROL-C.

Performing system checks...

System check identified no issues (0 silenced).
October 30, 2025 - 14:28:07
Django version 4.2.25, using settings 'course_registration.settings'
Starting development server at http://127.0.0.1:8000/
Quit the server with CONTROL-C.

Performing system checks...

System check identified no issues (0 silenced).
October 30, 2025 - 14:31:15
Django version 4.2.25, using settings 'course_registration.settings'
Starting development server at http://127.0.0.1:8000/
Quit the server with CONTROL-C.

Performing system checks...

System check identified no issues (0 silenced).
October 30, 2025 - 14:32:25
Django version 4.2.25, using settings 'course_registration.settings'
Starting development server at http://127.0.0.1:8000/
Quit the server with CONTROL-C.

Performing system checks...

System check identified no issues (0 silenced).
October 30, 2025 - 14:32:26
Django version 4.2.25, using settings 'course_registration.settings'
Starting development server at http://127.0.0.1:8000/
Quit the server with CONTROL-C.

Performing system checks...

System check identified no issues (0 silenced).
October 30, 2025 - 14:58:43
Django version 4.2.25, using settings 'course_registration.settings'
Starting development server at http://127.0.0.1:8000/
Quit the server with CONTROL-C.

Performing system checks...

Performing system checks...

System check identified no issues (0 silenced).
October 30, 2025 - 15:02:37
Django version 4.2.25, using settings 'course_registration.settings'
Starting development server at http://127.0.0.1:8000/
Quit the server with CONTROL-C.

Performing system checks...

System check identified no issues (0 silenced).
October 30, 2025 - 15:02:43
Django version 4.2.25, using settings 'course_registration.settings'
Starting development server at http://127.0.0.1:8000/
Quit the server with CONTROL-C.

Performing system checks...

System check identified no issues (0 silenced).
October 30, 2025 - 15:02:44
Django version 4.2.25, using settings 'course_registration.settings'
Starting development server at http://127.0.0.1:8000/
Quit the server with CONTROL-C.

Performing system checks...

System check identified no issues (0 silenced).
October 30, 2025 - 15:02:48
Django version 4.2.25, using settings 'course_registration.settings'
Starting development server at http://127.0.0.1:8000/
Quit the server with CONTROL-C.

Performing system checks...

System check identified no issues (0 silenced).
October 30, 2025 - 15:02:50
Django version 4.2.25, using settings 'course_registration.settings'
Starting development server at http://127.0.0.1:8000/
Quit the server with CONTROL-C.

Performing system checks...

System check identified no issues (0 silenced).
October 30, 2025 - 15:02:51
Django version 4.2.25, using settings 'course_registration.settings'
Starting development server at http://127.0.0.1:8000/
Quit the server with CONTROL-C.

Performing system checks...

System check identified no issues (0 silenced).
October 31, 2025 - 14:31:42
Django version 4.2.25, using settings 'course_registration.settings'
Starting development server at http://127.0.0.1:8000/
Quit the server with CONTROL-C.

Performing system checks...

System check identified no issues (0 silenced).
October 31, 2025 - 14:31:43
Django version 4.2.25, using settings 'course_registration.settings'
Starting development server at http://127.0.0.1:8000/
Quit the server with CONTROL-C.

Performing system checks...

System check identified no issues (0 silenced).
October 31, 2025 - 14:31:48
Django version 4.2.25, using settings 'course_registration.settings'
Starting development server at http://127.0.0.1:8000/
Quit the server with CONTROL-C.

Performing system checks...

System check identified no issues (0 silenced).
October 31, 2025 - 14:32:11
Django version 4.2.25, using settings 'course_registration.settings'
Starting development server at http://127.0.0.1:8000/
Quit the server with CONTROL-C.

Performing system checks...

System check identified no issues (0 silenced).
October 31, 2025 - 14:32:12
Django version 4.2.25, using settings 'course_registration.settings'
Starting development server at http://127.0.0.1:8000/
Quit the server with CONTROL-C.

Performing system checks...

System check identified no issues (0 silenced).
October 31, 2025 - 14:37:42
Django version 4.2.25, using settings 'course_registration.settings'
Starting development server at http://127.0.0.1:8000/
Quit the server with CONTROL-C.

Performing system checks...

System check identified no issues (0 silenced).
October 31, 2025 - 14:37:45
Django version 4.2.25, using settings 'course_registration.settings'
Starting development server at http://127.0.0.1:8000/
Quit the server with CONTROL-C.

Performing system checks...

System check identified no issues (0 silenced).
October 31, 2025 - 14:44:39
Django version 4.2.25, using settings 'course_registration.settings'
Starting development server at http://127.0.0.1:8000/
Quit the server with CONTROL-C.

Performing system checks...

System check identified no issues (0 silenced).
October 31, 2025 - 14:44:41
Django version 4.2.25, using settings 'course_registration.settings'
Starting development server at http://127.0.0.1:8000/
Quit the server with CONTROL-C.

Performing system checks...

System check identified no issues (0 silenced).
October 31, 2025 - 14:44:52
Django version 4.2.25, using settings 'course_registration.settings'
Starting development server at http://127.0.0.1:8000/
Quit the server with CONTROL-C.

Performing system checks...

Performing system checks...

System check identified no issues (0 silenced).
October 31, 2025 - 14:50:30
Django version 4.2.25, using settings 'course_registration.settings'
Starting development server at http://127.0.0.1:8000/
Quit the server with CONTROL-C.

Performing system checks...

Performing system checks...

System check identified no issues (0 silenced).
November 01, 2025 - 12:55:28
Django version 4.2.25, using settings 'course_registration.settings'
Starting development server at http://127.0.0.1:8000/
Quit the server with CONTROL-C.

Performing system checks...

System check identified no issues (0 silenced).
November 01, 2025 - 12:56:28
Django version 4.2.25, using settings 'course_registration.settings'
Starting development server at http://127.0.0.1:8000/
Quit the server with CONTROL-C.

Performing system checks...

Performing system checks...

System check identified no issues (0 silenced).
November 01, 2025 - 13:07:02
Django version 4.2.25, using settings 'course_registration.settings'
Starting development server at http://127.0.0.1:8000/
Quit the server with CONTROL-C.

Performing system checks...

System check identified no issues (0 silenced).
November 01, 2025 - 13:12:27
Django version 4.2.25, using settings 'course_registration.settings'
Starting development server at http://127.0.0.1:8000/
Quit the server with CONTROL-C.

Performing system checks...

System check identified no issues (0 silenced).
November 01, 2025 - 13:17:42
Django version 4.2.25, using settings 'course_registration.settings'
Starting development server at http://127.0.0.1:8000/
Quit the server with CONTROL-C.

Performing system checks...

System check identified no issues (0 silenced).
November 01, 2025 - 13:17:58
Django version 4.2.25, using settings 'course_registration.settings'
Starting development server at http://127.0.0.1:8000/
Quit the server with CONTROL-C.

Performing system checks...

System check identified no issues (0 silenced).
November 01, 2025 - 13:39:57
Django version 4.2.25, using settings 'course_registration.settings'
Starting development server at http://127.0.0.1:8000/
Quit the server with CONTROL-C.

Performing system checks...

System check identified no issues (0 silenced).
November 01, 2025 - 13:41:19
Django version 4.2.25, using settings 'course_registration.settings'
Starting development server at http://127.0.0.1:8000/
Quit the server with CONTROL-C.

Performing system checks...

Performing system checks...

Performing system checks...

Performing system checks...

Performing system checks...

Performing system checks...

Performing system checks...

System check identified no issues (0 silenced).
November 01, 2025 - 13:50:14
Django version 4.2.25, using settings 'course_registration.settings'
Starting development server at http://127.0.0.1:8000/
Quit the server with CONTROL-C.

Performing system checks...

System check identified no issues (0 silenced).
November 01, 2025 - 13:56:31
Django version 4.2.25, using settings 'course_registration.settings'
Starting development server at http://127.0.0.1:8000/
Quit the server with CONTROL-C.

Performing system checks...

System check identified no issues (0 silenced).
November 01, 2025 - 13:56:43
Django version 4.2.25, using settings 'course_registration.settings'
Starting development server at http://127.0.0.1:8000/
Quit the server with CONTROL-C.

Performing system checks...

System check identified no issues (0 silenced).
November 01, 2025 - 14:00:18
Django version 4.2.25, using settings 'course_registration.settings'
Starting development server at http://127.0.0.1:8000/
Quit the server with CONTROL-C.

Performing system checks...

System check identified no issues (0 silenced).
November 01, 2025 - 14:00:30
Django version 4.2.25, using settings 'course_registration.settings'
Starting development server at http://127.0.0.1:8000/
Quit the server with CONTROL-C.

Performing system checks...

System check identified no issues (0 silenced).
November 01, 2025 - 14:01:00
Django version 4.2.25, using settings 'course_registration.settings'
Starting development server at http://127.0.0.1:8000/
Quit the server with CONTROL-C.

Performing system checks...

System check identified no issues (0 silenced).
November 01, 2025 - 14:11:46
Django version 4.2.25, using settings 'course_registration.settings'
Starting development server at http://127.0.0.1:8000/
Quit the server with CONTROL-C.

Performing system checks...

System check identified no issues (0 silenced).
November 01, 2025 - 14:17:13
Django version 4.2.25, using settings 'course_registration.settings'
Starting development server at http://127.0.0.1:8000/
Quit the server with CONTROL-C.

Performing system checks...

System check identified no issues (0 silenced).
November 01, 2025 - 14:23:42
Django version 4.2.25, using settings 'course_registration.settings'
Starting development server at http://127.0.0.1:8000/
Quit the server with CONTROL-C.

Performing system checks...

System check identified no issues (0 silenced).
November 01, 2025 - 14:26:32
Django version 4.2.25, using settings 'course_registration.settings'
Starting development server at http://127.0.0.1:8000/
Quit the server with CONTROL-C.

Performing system checks...

System check identified no issues (0 silenced).
November 01, 2025 - 14:28:19
Django version 4.2.25, using settings 'course_registration.settings'
Starting development server at http://127.0.0.1:8000/
Quit the server with CONTROL-C.

Performing system checks...

System check identified no issues (0 silenced).
November 01, 2025 - 14:36:19
Django version 4.2.25, using settings 'course_registration.settings'
Starting development server at http://127.0.0.1:8000/
Quit the server with CONTROL-C.

Performing system checks...

System check identified no issues (0 silenced).
November 01, 2025 - 14:40:35
Django version 4.2.25, using settings 'course_registration.settings'
Starting development server at http://127.0.0.1:8000/
Quit the server with CONTROL-C.

Performing system checks...

System check identified no issues (0 silenced).
November 01, 2025 - 14:57:44
Django version 4.2.25, using settings 'course_registration.settings'
Starting development server at http://127.0.0.1:8000/
Quit the server with CONTROL-C.

Performing system checks...

System check identified no issues (0 silenced).
November 01, 2025 - 14:58:37
Django version 4.2.25, using settings 'course_registration.settings'
Starting development server at http://127.0.0.1:8000/
Quit the server with CONTROL-C.

Performing system checks...

System check identified no issues (0 silenced).
November 01, 2025 - 14:58:38
Django version 4.2.25, using settings 'course_registration.settings'
Starting development server at http://127.0.0.1:8000/
Quit the server with CONTROL-C.

Performing system checks...

System check identified no issues (0 silenced).
November 01, 2025 - 14:59:53
Django version 4.2.25, using settings 'course_registration.settings'
Starting development server at http://127.0.0.1:8000/
Quit the server with CONTROL-C.

Performing system checks...

System check identified no issues (0 silenced).
November 01, 2025 - 15:00:27
Django version 4.2.25, using settings 'course_registration.settings'
Starting development server at http://127.0.0.1:8000/
Quit the server with CONTROL-C.

Performing system checks...

System check identified no issues (0 silenced).
November 01, 2025 - 15:02:09
Django version 4.2.25, using settings 'course_registration.settings'
Starting development server at http://127.0.0.1:8000/
Quit the server with CONTROL-C.

Performing system checks...

System check identified no issues (0 silenced).
November 01, 2025 - 15:38:12
Django version 4.2.25, using settings 'course_registration.settings'
Starting development server at http://127.0.0.1:8000/
Quit the server with CONTROL-C.

Performing system checks...

System check identified no issues (0 silenced).
November 01, 2025 - 15:39:58
Django version 4.2.25, using settings 'course_registration.settings'
Starting development server at http://127.0.0.1:8000/
Quit the server with CONTROL-C.

Performing system checks...

System check identified no issues (0 silenced).
November 01, 2025 - 15:39:59
Django version 4.2.25, using settings 'course_registration.settings'
Starting development server at http://127.0.0.1:8000/
Quit the server with CONTROL-C.

Performing system checks...

System check identified no issues (0 silenced).
November 01, 2025 - 15:42:56
Django version 4.2.25, using settings 'course_registration.settings'
Starting development server at http://127.0.0.1:8000/
Quit the server with CONTROL-C.

Performing system checks...

System check identified no issues (0 silenced).
November 01, 2025 - 15:45:20
Django version 4.2.25, using settings 'course_registration.settings'
Starting development server at http://127.0.0.1:8000/
Quit the server with CONTROL-C.

Performing system checks...

Performing system checks...

Performing system checks...

Performing system checks...

Performing system checks...

System check identified no issues (0 silenced).
November 01, 2025 - 15:45:34
Django version 4.2.25, using settings 'course_registration.settings'
Starting development server at http://127.0.0.1:8000/
Quit the server with CONTROL-C.

Performing system checks...

System check identified no issues (0 silenced).
November 01, 2025 - 15:52:06
Django version 4.2.25, using settings 'course_registration.settings'
Starting development server at http://127.0.0.1:8000/
Quit the server with CONTROL-C.

Performing system checks...

System check identified no issues (0 silenced).
November 01, 2025 - 15:55:36
Django version 4.2.25, using settings 'course_registration.settings'
Starting development server at http://127.0.0.1:8000/
Quit the server with CONTROL-C.

Performing system checks...

Performing system checks...

System check identified no issues (0 silenced).
November 01, 2025 - 15:55:50
Django version 4.2.25, using settings 'course_registration.settings'
Starting development server at http://127.0.0.1:8000/
Quit the server with CONTROL-C.

Performing system checks...

Performing system checks...

System check identified no issues (0 silenced).
November 01, 2025 - 15:55:55
Django version 4.2.25, using settings 'course_registration.settings'
Starting development server at http://127.0.0.1:8000/
Quit the server with CONTROL-C.

Performing system checks...

Performing system checks...

System check identified no issues (0 silenced).
November 01, 2025 - 15:56:05
Django version 4.2.25, using settings 'course_registration.settings'
Starting development server at http://127.0.0.1:8000/
Quit the server with CONTROL-C.

Performing system checks...

Performing system checks...

System check identified no issues (0 silenced).
November 01, 2025 - 15:56:11
Django version 4.2.25, using settings 'course_registration.settings'
Starting development server at http://127.0.0.1:8000/
Quit the server with CONTROL-C.

Performing system checks...

System check identified no issues (0 silenced).
November 01, 2025 - 19:19:51
Django version 4.2.25, using settings 'course_registration.settings'
Starting development server at http://127.0.0.1:8000/
Quit the server with CONTROL-C.

Performing system checks...

System check identified no issues (0 silenced).
November 01, 2025 - 19:24:40
Django version 4.2.25, using settings 'course_registration.settings'
Starting development server at http://127.0.0.1:8000/
Quit the server with CONTROL-C.

Performing system checks...

System check identified no issues (0 silenced).
November 01, 2025 - 19:31:08
Django version 4.2.25, using settings 'course_registration.settings'
Starting development server at http://127.0.0.1:8000/
Quit the server with CONTROL-C.

Performing system checks...

System check identified no issues (0 silenced).
November 01, 2025 - 19:31:27
Django version 4.2.25, using settings 'course_registration.settings'
Starting development server at http://127.0.0.1:8000/
Quit the server with CONTROL-C.

Performing system checks...

System check identified no issues (0 silenced).
November 01, 2025 - 19:39:07
Django version 4.2.25, using settings 'course_registration.settings'
Starting development server at http://127.0.0.1:8000/
Quit the server with CONTROL-C.

Performing system checks...

System check identified no issues (0 silenced).
November 01, 2025 - 19:52:15
Django version 4.2.25, using settings 'course_registration.settings'
Starting development server at http://127.0.0.1:8000/
Quit the server with CONTROL-C.

Performing system checks...

System check identified no issues (0 silenced).
November 01, 2025 - 19:57:58
Django version 4.2.25, using settings 'course_registration.settings'
Starting development server at http://127.0.0.1:8000/
Quit the server with CONTROL-C.

Performing system checks...

System check identified no issues (0 silenced).
November 01, 2025 - 20:00:01
Django version 4.2.25, using settings 'course_registration.settings'
Starting development server at http://127.0.0.1:8000/
Quit the server with CONTROL-C.

Performing system checks...

System check identified no issues (0 silenced).
November 01, 2025 - 20:01:55
Django version 4.2.25, using settings 'course_registration.settings'
Starting development server at http://127.0.0.1:8000/
Quit the server with CONTROL-C.

Performing system checks...

System check identified no issues (0 silenced).
November 01, 2025 - 20:02:10
Django version 4.2.25, using settings 'course_registration.settings'
Starting development server at http://127.0.0.1:8000/
Quit the server with CONTROL-C.

Performing system checks...

System check identified no issues (0 silenced).
November 01, 2025 - 20:02:14
Django version 4.2.25, using settings 'course_registration.settings'
Starting development server at http://127.0.0.1:8000/
Quit the server with CONTROL-C.

Performing system checks...

System check identified no issues (0 silenced).
November 01, 2025 - 20:05:14
Django version 4.2.25, using settings 'course_registration.settings'
Starting development server at http://127.0.0.1:8000/
Quit the server with CONTROL-C.

Performing system checks...

System check identified no issues (0 silenced).
November 01, 2025 - 20:07:53
Django version 4.2.25, using settings 'course_registration.settings'
Starting development server at http://127.0.0.1:8000/
Quit the server with CONTROL-C.

Performing system checks...

System check identified no issues (0 silenced).
November 01, 2025 - 20:15:40
Django version 4.2.25, using settings 'course_registration.settings'
Starting development server at http://127.0.0.1:8000/
Quit the server with CONTROL-C.

Performing system checks...

System check identified no issues (0 silenced).
November 01, 2025 - 20:22:30
Django version 4.2.25, using settings 'course_registration.settings'
Starting development server at http://127.0.0.1:8000/
Quit the server with CONTROL-C.

Performing system checks...

System check identified no issues (0 silenced).
November 02, 2025 - 11:08:54
Django version 4.2.25, using settings 'course_registration.settings'
Starting development server at http://127.0.0.1:8000/
Quit the server with CONTROL-C.

Performing system checks...

System check identified no issues (0 silenced).
November 02, 2025 - 11:11:07
Django version 4.2.25, using settings 'course_registration.settings'
Starting development server at http://127.0.0.1:8000/
Quit the server with CONTROL-C.

Performing system checks...

System check identified no issues (0 silenced).
November 02, 2025 - 11:15:30
Django version 4.2.25, using settings 'course_registration.settings'
Starting development server at http://127.0.0.1:8000/
Quit the server with CONTROL-C.

Performing system checks...

System check identified no issues (0 silenced).
November 02, 2025 - 11:18:28
Django version 4.2.25, using settings 'course_registration.settings'
Starting development server at http://127.0.0.1:8000/
Quit the server with CONTROL-C.

Performing system checks...

System check identified no issues (0 silenced).
November 02, 2025 - 11:21:19
Django version 4.2.25, using settings 'course_registration.settings'
Starting development server at http://127.0.0.1:8000/
Quit the server with CONTROL-C.

Performing system checks...

System check identified no issues (0 silenced).
November 02, 2025 - 11:30:51
Django version 4.2.25, using settings 'course_registration.settings'
Starting development server at http://127.0.0.1:8000/
Quit the server with CONTROL-C.

Performing system checks...

System check identified no issues (0 silenced).
November 02, 2025 - 11:41:28
Django version 4.2.25, using settings 'course_registration.settings'
Starting development server at http://127.0.0.1:8000/
Quit the server with CONTROL-C.

Performing system checks...

System check identified no issues (0 silenced).
November 02, 2025 - 11:51:36
Django version 4.2.25, using settings 'course_registration.settings'
Starting development server at http://127.0.0.1:8000/
Quit the server with CONTROL-C.

Performing system checks...

System check identified no issues (0 silenced).
November 02, 2025 - 11:54:14
Django version 4.2.25, using settings 'course_registration.settings'
Starting development server at http://127.0.0.1:8000/
Quit the server with CONTROL-C.

Performing system checks...

System check identified no issues (0 silenced).
November 02, 2025 - 11:55:32
Django version 4.2.25, using settings 'course_registration.settings'
Starting development server at http://127.0.0.1:8000/
Quit the server with CONTROL-C.

Performing system checks...

System check identified no issues (0 silenced).
November 02, 2025 - 11:57:45
Django version 4.2.25, using settings 'course_registration.settings'
Starting development server at http://127.0.0.1:8000/
Quit the server with CONTROL-C.

Performing system checks...

System check identified no issues (0 silenced).
November 07, 2025 - 18:21:43
Django version 4.2.25, using settings 'course_registration.settings'
Starting development server at http://127.0.0.1:8000/
Quit the server with CONTROL-C.

Performing system checks...

System check identified no issues (0 silenced).
November 07, 2025 - 18:22:38
Django version 4.2.25, using settings 'course_registration.settings'
Starting development server at http://127.0.0.1:8000/
Quit the server with CONTROL-C.

Performing system checks...

System check identified no issues (0 silenced).
November 07, 2025 - 18:26:26
Django version 4.2.25, using settings 'course_registration.settings'
Starting development server at http://127.0.0.1:8000/
Quit the server with CONTROL-C.

Performing system checks...

System check identified no issues (0 silenced).
November 07, 2025 - 18:27:33
Django version 4.2.25, using settings 'course_registration.settings'
Starting development server at http://127.0.0.1:8000/
Quit the server with CONTROL-C.

Performing system checks...

System check identified no issues (0 silenced).
November 07, 2025 - 18:27:34
Django version 4.2.25, using settings 'course_registration.settings'
Starting development server at http://127.0.0.1:8000/
Quit the server with CONTROL-C.

Performing system checks...

Performing system checks...

System check identified no issues (0 silenced).
November 07, 2025 - 18:27:42
Django version 4.2.25, using settings 'course_registration.settings'
Starting development server at http://127.0.0.1:8000/
Quit the server with CONTROL-C.

Performing system checks...

System check identified no issues (0 silenced).
November 07, 2025 - 18:31:18
Django version 4.2.25, using settings 'course_registration.settings'
Starting development server at http://127.0.0.1:8000/
Quit the server with CONTROL-C.

Performing system checks...

System check identified no issues (0 silenced).
November 07, 2025 - 18:38:33
Django version 4.2.25, using settings 'course_registration.settings'
Starting development server at http://127.0.0.1:8000/
Quit the server with CONTROL-C.

Performing system checks...

System check identified no issues (0 silenced).
November 07, 2025 - 18:43:30
Django version 4.2.25, using settings 'course_registration.settings'
Starting development server at http://127.0.0.1:8000/
Quit the server with CONTROL-C.

Performing system checks...

System check identified no issues (0 silenced).
November 07, 2025 - 18:43:43
Django version 4.2.25, using settings 'course_registration.settings'
Starting development server at http://127.0.0.1:8000/
Quit the server with CONTROL-C.

Performing system checks...

System check identified no issues (0 silenced).
November 07, 2025 - 18:43:45
Django version 4.2.25, using settings 'course_registration.settings'
Starting development server at http://127.0.0.1:8000/
Quit the server with CONTROL-C.

Performing system checks...

System check identified no issues (0 silenced).
November 07, 2025 - 18:56:30
Django version 4.2.25, using settings 'course_registration.settings'
Starting development server at http://127.0.0.1:8000/
Quit the server with CONTROL-C.

Performing system checks...

Performing system checks...

Performing system checks...

Performing system checks...

Performing system checks...

System check identified no issues (0 silenced).
November 07, 2025 - 19:01:46
Django version 4.2.25, using settings 'course_registration.settings'
Starting development server at http://127.0.0.1:8000/
Quit the server with CONTROL-C.

Performing system checks...

System check identified no issues (0 silenced).
November 07, 2025 - 19:06:07
Django version 4.2.25, using settings 'course_registration.settings'
Starting development server at http://127.0.0.1:8000/
Quit the server with CONTROL-C.

Performing system checks...

System check identified no issues (0 silenced).
November 09, 2025 - 19:13:55
Django version 4.2.25, using settings 'course_registration.settings'
Starting development server at http://127.0.0.1:8000/
Quit the server with CONTROL-C.

Performing system checks...

System check identified no issues (0 silenced).
November 09, 2025 - 19:15:44
Django version 4.2.25, using settings 'course_registration.settings'
Starting development server at http://127.0.0.1:8000/
Quit the server with CONTROL-C.

Performing system checks...

System check identified no issues (0 silenced).
November 09, 2025 - 19:15:49
Django version 4.2.25, using settings 'course_registration.settings'
Starting development server at http://127.0.0.1:8000/
Quit the server with CONTROL-C.

Performing system checks...

System check identified no issues (0 silenced).
November 09, 2025 - 19:15:56
Django version 4.2.25, using settings 'course_registration.settings'
Starting development server at http://127.0.0.1:8000/
Quit the server with CONTROL-C.

Performing system checks...

Performing system checks...

Performing system checks...

Performing system checks...

Performing system checks...

Performing system checks...

System check identified no issues (0 silenced).
November 09, 2025 - 19:20:19
Django version 4.2.25, using settings 'course_registration.settings'
Starting development server at http://127.0.0.1:8000/
Quit the server with CONTROL-C.

Performing system checks...

System check identified no issues (0 silenced).
November 09, 2025 - 19:23:44
Django version 4.2.25, using settings 'course_registration.settings'
Starting development server at http://127.0.0.1:8000/
Quit the server with CONTROL-C.

Performing system checks...

Performing system checks...

System check identified no issues (0 silenced).
November 09, 2025 - 19:28:01
Django version 4.2.25, using settings 'course_registration.settings'
Starting development server at http://127.0.0.1:8000/
Quit the server with CONTROL-C.

Performing system checks...

System check identified no issues (0 silenced).
November 09, 2025 - 19:28:03
Django version 4.2.25, using settings 'course_registration.settings'
Starting development server at http://127.0.0.1:8000/
Quit the server with CONTROL-C.

Performing system checks...

System check identified no issues (0 silenced).
November 09, 2025 - 19:28:23
Django version 4.2.25, using settings 'course_registration.settings'
Starting development server at http://127.0.0.1:8000/
Quit the server with CONTROL-C.

Performing system checks...

System check identified no issues (0 silenced).
November 09, 2025 - 19:32:41
Django version 4.2.25, using settings 'course_registration.settings'
Starting development server at http://127.0.0.1:8000/
Quit the server with CONTROL-C.

Performing system checks...

System check identified no issues (0 silenced).
November 09, 2025 - 19:36:57
Django version 4.2.25, using settings 'course_registration.settings'
Starting development server at http://127.0.0.1:8000/
Quit the server with CONTROL-C.

Performing system checks...

System check identified no issues (0 silenced).
November 09, 2025 - 19:41:19
Django version 4.2.25, using settings 'course_registration.settings'
Starting development server at http://127.0.0.1:8000/
Quit the server with CONTROL-C.

